<?xml version="1.0" encoding="UTF-8"?>
<!-- Generated by org.testng.reporters.JUnitXMLReporter -->
<testsuite hostname="Amits-2018-MBP.T-mobile.com" ignored="0" name="HubSpot Automation Tests" tests="16" failures="0" timestamp="07 Nov 2018 21:46:36 GMT" time="146.222" errors="0">
  <testcase name="@AfterMethod tearDown" time="2.059" classname="com.qa.hubspot.tests.ContactsPageTest">
    <failure type="org.openqa.selenium.WebDriverException" message="unknown error: Element &amp;lt;span class=&amp;quot;account-name &amp;quot;&amp;gt;...&amp;lt;/span&amp;gt; is not clickable at point (1349, 31). Other element would receive the click: &amp;lt;div class=&amp;quot;private-modal-dialog--overlay private-overlay uiOverlay-backdrop UIOverlay__Div-kWBOQt iDuHzH&amp;quot; open=&amp;quot;&amp;quot; data-component-name=&amp;quot;UIModalDialog&amp;quot; data-open-complete=&amp;quot;true&amp;quot; tabindex=&amp;quot;-1&amp;quot;&amp;gt;...&amp;lt;/div&amp;gt;
  (Session info: chrome=70.0.3538.77)
  (Driver info: chromedriver=2.43.600229 (3fae4d0cda5334b4f533bede5a4787f7b832d052),platform=Mac OS X 10.14.1 x86_64) (WARNING: The server did not provide any stacktrace information)
Command duration or timeout: 0 milliseconds
Build info: version: &amp;apos;3.14.0&amp;apos;, revision: &amp;apos;aacccce0&amp;apos;, time: &amp;apos;2018-08-02T20:19:58.91Z&amp;apos;
System info: host: &amp;apos;Amits-2018-MBP.T-mobile.com&amp;apos;, ip: &amp;apos;192.168.29.126&amp;apos;, os.name: &amp;apos;Mac OS X&amp;apos;, os.arch: &amp;apos;x86_64&amp;apos;, os.version: &amp;apos;10.14.1&amp;apos;, java.version: &amp;apos;1.8.0_144&amp;apos;
Driver info: org.openqa.selenium.chrome.ChromeDriver
Capabilities {acceptInsecureCerts: false, acceptSslCerts: false, applicationCacheEnabled: false, browserConnectionEnabled: false, browserName: chrome, chrome: {chromedriverVersion: 2.43.600229 (3fae4d0cda5334..., userDataDir: /var/folders/jx/pjdfg_mj7cg...}, cssSelectorsEnabled: true, databaseEnabled: false, goog:chromeOptions: {debuggerAddress: localhost:51632}, handlesAlerts: true, hasTouchScreen: false, javascriptEnabled: true, locationContextEnabled: true, mobileEmulationEnabled: false, nativeEvents: true, networkConnectionEnabled: false, pageLoadStrategy: normal, platform: MAC, platformName: MAC, rotatable: false, setWindowRect: true, takesHeapSnapshot: true, takesScreenshot: true, unexpectedAlertBehaviour: , unhandledPromptBehavior: , version: 70.0.3538.77, webStorageEnabled: true}
Session ID: 574ee28feec5f1b8a870a233706d8c70">
      <![CDATA[org.openqa.selenium.WebDriverException: unknown error: Element <span class="account-name ">...</span> is not clickable at point (1349, 31). Other element would receive the click: <div class="private-modal-dialog--overlay private-overlay uiOverlay-backdrop UIOverlay__Div-kWBOQt iDuHzH" open="" data-component-name="UIModalDialog" data-open-complete="true" tabindex="-1">...</div>
  (Session info: chrome=70.0.3538.77)
  (Driver info: chromedriver=2.43.600229 (3fae4d0cda5334b4f533bede5a4787f7b832d052),platform=Mac OS X 10.14.1 x86_64) (WARNING: The server did not provide any stacktrace information)
Command duration or timeout: 0 milliseconds
Build info: version: '3.14.0', revision: 'aacccce0', time: '2018-08-02T20:19:58.91Z'
System info: host: 'Amits-2018-MBP.T-mobile.com', ip: '192.168.29.126', os.name: 'Mac OS X', os.arch: 'x86_64', os.version: '10.14.1', java.version: '1.8.0_144'
Driver info: org.openqa.selenium.chrome.ChromeDriver
Capabilities {acceptInsecureCerts: false, acceptSslCerts: false, applicationCacheEnabled: false, browserConnectionEnabled: false, browserName: chrome, chrome: {chromedriverVersion: 2.43.600229 (3fae4d0cda5334..., userDataDir: /var/folders/jx/pjdfg_mj7cg...}, cssSelectorsEnabled: true, databaseEnabled: false, goog:chromeOptions: {debuggerAddress: localhost:51632}, handlesAlerts: true, hasTouchScreen: false, javascriptEnabled: true, locationContextEnabled: true, mobileEmulationEnabled: false, nativeEvents: true, networkConnectionEnabled: false, pageLoadStrategy: normal, platform: MAC, platformName: MAC, rotatable: false, setWindowRect: true, takesHeapSnapshot: true, takesScreenshot: true, unexpectedAlertBehaviour: , unhandledPromptBehavior: , version: 70.0.3538.77, webStorageEnabled: true}
Session ID: 574ee28feec5f1b8a870a233706d8c70
at org.openqa.selenium.remote.ErrorHandler.createThrowable(ErrorHandler.java:214)
at org.openqa.selenium.remote.ErrorHandler.throwIfResponseFailed(ErrorHandler.java:166)
at org.openqa.selenium.remote.http.JsonHttpResponseCodec.reconstructValue(JsonHttpResponseCodec.java:40)
at org.openqa.selenium.remote.http.AbstractHttpResponseCodec.decode(AbstractHttpResponseCodec.java:80)
at org.openqa.selenium.remote.http.AbstractHttpResponseCodec.decode(AbstractHttpResponseCodec.java:44)
at org.openqa.selenium.remote.HttpCommandExecutor.execute(HttpCommandExecutor.java:158)
at org.openqa.selenium.remote.service.DriverCommandExecutor.execute(DriverCommandExecutor.java:83)
at org.openqa.selenium.remote.RemoteWebDriver.execute(RemoteWebDriver.java:548)
at org.openqa.selenium.remote.RemoteWebElement.execute(RemoteWebElement.java:276)
at org.openqa.selenium.remote.RemoteWebElement.click(RemoteWebElement.java:83)
at com.qa.hubspot.tests.ContactsPageTest.tearDown(ContactsPageTest.java:75)
at java.util.concurrent.ThreadPoolExecutor.runWorker(ThreadPoolExecutor.java:1149)
at java.util.concurrent.ThreadPoolExecutor$Worker.run(ThreadPoolExecutor.java:624)
at java.lang.Thread.run(Thread.java:748)
... Removed 17 stack frames]]>
    </failure>
  </testcase> <!-- @AfterMethod tearDown -->
  <testcase name="createNewContactTest" time="8.325" classname="com.qa.hubspot.tests.ContactsPageTest"/>
  <testcase name="getHomePageHeader" time="0.559" classname="com.qa.hubspot.tests.HomePageTest"/>
  <testcase name="verifyLoginPageTitleTest" time="0.005" classname="com.qa.hubspot.tests.LoginTest"/>
  <testcase name="clickOnContactsMenuUnderContactsLinkTest" time="1.91" classname="com.qa.hubspot.tests.ContactsPageTest"/>
  <testcase name="getHomepageTitleTest" time="0.361" classname="com.qa.hubspot.tests.HomePageTest"/>
  <testcase name="verifyForgotPasswordLinkTest" time="0.033" classname="com.qa.hubspot.tests.LoginTest"/>
  <testcase name="verifyContactsPageHeaderTest" time="3.105" classname="com.qa.hubspot.tests.ContactsPageTest"/>
  <testcase name="verifyLoggedAccountNameTest" time="0.748" classname="com.qa.hubspot.tests.HomePageTest"/>
  <testcase name="loginTest" time="0.5" classname="com.qa.hubspot.tests.LoginTest"/>
  <testcase name="deleteContactsTest" time="4.352" classname="com.qa.hubspot.tests.ContactsPageTest"/>
  <testcase name="checkIfLoginIsSuccessfulTest" time="2.98" classname="com.qa.hubspot.tests.LoginTest"/>
  <testcase name="verifyRememberLinkTest" time="0.03" classname="com.qa.hubspot.tests.LoginTest"/>
  <testcase name="verifyGoogleSignInLinkTest" time="0.025" classname="com.qa.hubspot.tests.LoginTest"/>
  <testcase name="verifyLoginWithSSOLinkTest" time="0.029" classname="com.qa.hubspot.tests.LoginTest"/>
  <testcase name="verifyfooterAllRightsTextTest" time="0.031" classname="com.qa.hubspot.tests.LoginTest"/>
  <testcase name="verifyfooterPrivacyPolicyLinkTest" time="0.025" classname="com.qa.hubspot.tests.LoginTest"/>
</testsuite> <!-- HubSpot Automation Tests -->
